Tue Sep 18 2018 15:59:45 GMT-0500 (Central Daylight Time): GET /about
Tue Sep 18 2018 15:59:52 GMT-0500 (Central Daylight Time): GET /
Tue Sep 18 2018 16:16:36 GMT-0500 (Central Daylight Time): GET /
Tue Sep 18 2018 16:16:36 GMT-0500 (Central Daylight Time): GET /favicon.ico
Tue Sep 18 2018 16:18:11 GMT-0500 (Central Daylight Time): GET /
Tue Sep 18 2018 16:18:11 GMT-0500 (Central Daylight Time): GET /favicon.ico
Tue Sep 18 2018 16:18:27 GMT-0500 (Central Daylight Time): GET /
Tue Sep 18 2018 16:18:28 GMT-0500 (Central Daylight Time): GET /favicon.ico
Thu Sep 20 2018 10:12:30 GMT-0500 (Central Daylight Time): GET /
Mon Sep 24 2018 10:38:35 GMT-0500 (Central Daylight Time): GET /
Wed Sep 26 2018 12:12:32 GMT-0500 (Central Daylight Time): GET /
Wed Sep 26 2018 12:12:33 GMT-0500 (Central Daylight Time): GET /favicon.ico
Wed Sep 26 2018 12:12:48 GMT-0500 (Central Daylight Time): GET /about
Wed Sep 26 2018 12:12:50 GMT-0500 (Central Daylight Time): GET /
Mon Oct 01 2018 11:00:40 GMT-0500 (Central Daylight Time): GET /
Mon Oct 01 2018 15:07:39 GMT-0500 (Central Daylight Time): GET /
Mon Oct 01 2018 15:07:40 GMT-0500 (Central Daylight Time): GET /favicon.ico
Thu Oct 04 2018 12:41:09 GMT-0500 (Central Daylight Time): GET /
Thu Oct 04 2018 12:41:09 GMT-0500 (Central Daylight Time): GET /favicon.ico
Thu Oct 04 2018 12:43:50 GMT-0500 (Central Daylight Time): GET /
Thu Oct 04 2018 12:43:50 GMT-0500 (Central Daylight Time): GET /favicon.ico
Thu Oct 04 2018 12:43:54 GMT-0500 (Central Daylight Time): GET /about
Thu Oct 04 2018 12:43:58 GMT-0500 (Central Daylight Time): GET /projects.hbs
Thu Oct 04 2018 12:44:28 GMT-0500 (Central Daylight Time): GET /
Thu Oct 04 2018 12:44:34 GMT-0500 (Central Daylight Time): GET /projects.hbs
Thu Oct 04 2018 12:45:35 GMT-0500 (Central Daylight Time): GET /
Thu Oct 04 2018 12:45:35 GMT-0500 (Central Daylight Time): GET /favicon.ico
Thu Oct 04 2018 12:45:37 GMT-0500 (Central Daylight Time): GET /
Thu Oct 04 2018 12:45:46 GMT-0500 (Central Daylight Time): GET /
Thu Oct 04 2018 12:45:57 GMT-0500 (Central Daylight Time): GET /
Thu Oct 04 2018 12:45:58 GMT-0500 (Central Daylight Time): GET /projects
Thu Oct 04 2018 12:46:13 GMT-0500 (Central Daylight Time): GET /projects
Thu Oct 04 2018 12:46:34 GMT-0500 (Central Daylight Time): GET /projects
Thu Oct 04 2018 12:46:39 GMT-0500 (Central Daylight Time): GET /projects
